This file contains any messages produced by compilers while
running configure, to aid debugging if configure makes a mistake.

It was created by HEIMDALL configure 0.1, which was
generated by GNU Autoconf 2.69.  Invocation command line was

  $ ./configure 

## --------- ##
## Platform. ##
## --------- ##

hostname = major
uname -m = x86_64
uname -r = 4.4.0-141-generic
uname -s = Linux
uname -v = #167-Ubuntu SMP Wed Dec 5 10:40:15 UTC 2018

/usr/bin/uname -p = unknown
/bin/uname -X     = unknown

/bin/arch              = unknown
/usr/bin/arch -k       = unknown
/usr/convex/getsysinfo = unknown
/usr/bin/hostinfo      = unknown
/bin/machine           = unknown
/usr/bin/oslevel       = unknown
/bin/universe          = unknown

PATH: /usr/local/cuda/bin
PATH: /home/cbochenek/bin
PATH: /home/cbochenek/.local/bin
PATH: /usr/local/cuda/bin
PATH: /usr/local/sbin
PATH: /usr/local/bin
PATH: /usr/sbin
PATH: /usr/bin
PATH: /sbin
PATH: /bin
PATH: /usr/games
PATH: /usr/local/games
PATH: /snap/bin


## ----------- ##
## Core tests. ##
## ----------- ##

configure:2659: checking for a BSD-compatible install
configure:2727: result: /usr/bin/install -c
configure:2738: checking whether build environment is sane
configure:2775: result: yes
configure:2837: checking for gawk
configure:2853: found /usr/bin/gawk
configure:2864: result: gawk
configure:2875: checking whether make sets $(MAKE)
configure:2897: result: yes
configure:3111: checking build system type
configure:3125: result: x86_64-unknown-linux-gnu
configure:3145: checking host system type
configure:3158: result: x86_64-unknown-linux-gnu
configure:3237: checking for gcc
configure:3253: found /usr/bin/gcc
configure:3264: result: gcc
configure:3493: checking for C compiler version
configure:3502: gcc --version >&5
gcc (Ubuntu 5.4.0-6ubuntu1~16.04.11) 5.4.0 20160609
Copyright (C) 2015 Free Software Foundation, Inc.
This is free software; see the source for copying conditions.  There is NO
warranty; not even for MERCHANTABILITY or FITNESS FOR A PARTICULAR PURPOSE.

configure:3513: $? = 0
configure:3502: gcc -v >&5
Using built-in specs.
COLLECT_GCC=gcc
COLLECT_LTO_WRAPPER=/usr/lib/gcc/x86_64-linux-gnu/5/lto-wrapper
Target: x86_64-linux-gnu
Configured with: ../src/configure -v --with-pkgversion='Ubuntu 5.4.0-6ubuntu1~16.04.11' --with-bugurl=file:///usr/share/doc/gcc-5/README.Bugs --enable-languages=c,ada,c++,java,go,d,fortran,objc,obj-c++ --prefix=/usr --program-suffix=-5 --enable-shared --enable-linker-build-id --libexecdir=/usr/lib --without-included-gettext --enable-threads=posix --libdir=/usr/lib --enable-nls --with-sysroot=/ --enable-clocale=gnu --enable-libstdcxx-debug --enable-libstdcxx-time=yes --with-default-libstdcxx-abi=new --enable-gnu-unique-object --disable-vtable-verify --enable-libmpx --enable-plugin --with-system-zlib --disable-browser-plugin --enable-java-awt=gtk --enable-gtk-cairo --with-java-home=/usr/lib/jvm/java-1.5.0-gcj-5-amd64/jre --enable-java-home --with-jvm-root-dir=/usr/lib/jvm/java-1.5.0-gcj-5-amd64 --with-jvm-jar-dir=/usr/lib/jvm-exports/java-1.5.0-gcj-5-amd64 --with-arch-directory=amd64 --with-ecj-jar=/usr/share/java/eclipse-ecj.jar --enable-objc-gc --enable-multiarch --disable-werror --with-arch-32=i686 --with-abi=m64 --with-multilib-list=m32,m64,mx32 --enable-multilib --with-tune=generic --enable-checking=release --build=x86_64-linux-gnu --host=x86_64-linux-gnu --target=x86_64-linux-gnu
Thread model: posix
gcc version 5.4.0 20160609 (Ubuntu 5.4.0-6ubuntu1~16.04.11) 
configure:3513: $? = 0
configure:3502: gcc -V >&5
gcc: error: unrecognized command line option '-V'
gcc: fatal error: no input files
compilation terminated.
configure:3513: $? = 1
configure:3502: gcc -qversion >&5
gcc: error: unrecognized command line option '-qversion'
gcc: fatal error: no input files
compilation terminated.
configure:3513: $? = 1
configure:3533: checking whether the C compiler works
configure:3555: gcc   -L/home/cbochenek/.local/lib conftest.c  >&5
configure:3559: $? = 0
configure:3607: result: yes
configure:3610: checking for C compiler default output file name
configure:3612: result: a.out
configure:3618: checking for suffix of executables
configure:3625: gcc -o conftest   -L/home/cbochenek/.local/lib conftest.c  >&5
configure:3629: $? = 0
configure:3651: result: 
configure:3673: checking whether we are cross compiling
configure:3681: gcc -o conftest   -L/home/cbochenek/.local/lib conftest.c  >&5
configure:3685: $? = 0
configure:3692: ./conftest
configure:3696: $? = 0
configure:3711: result: no
configure:3716: checking for suffix of object files
configure:3738: gcc -c   conftest.c >&5
configure:3742: $? = 0
configure:3763: result: o
configure:3767: checking whether we are using the GNU C compiler
configure:3786: gcc -c   conftest.c >&5
configure:3786: $? = 0
configure:3795: result: yes
configure:3804: checking whether gcc accepts -g
configure:3824: gcc -c -g  conftest.c >&5
configure:3824: $? = 0
configure:3865: result: yes
configure:3882: checking for gcc option to accept ISO C89
configure:3945: gcc  -c -g -O2  conftest.c >&5
configure:3945: $? = 0
configure:3958: result: none needed
configure:3989: checking for style of include used by make
configure:4017: result: GNU
configure:4045: checking dependency style of gcc
configure:4135: result: gcc3
configure:4157: checking how to run the C preprocessor
configure:4188: gcc -E  conftest.c
configure:4188: $? = 0
configure:4202: gcc -E  conftest.c
conftest.c:11:28: fatal error: ac_nonexistent.h: No such file or directory
compilation terminated.
configure:4202: $? = 1
configure: failed program was:
| /* confdefs.h */
| #define PACKAGE_NAME "HEIMDALL"
| #define PACKAGE_TARNAME "heimdall"
| #define PACKAGE_VERSION "0.1"
| #define PACKAGE_STRING "HEIMDALL 0.1"
| #define PACKAGE_BUGREPORT "ajameson@swin.edu.au"
| #define PACKAGE_URL ""
| #define PACKAGE "heimdall"
| #define VERSION "0.1"
| /* end confdefs.h.  */
| #include <ac_nonexistent.h>
configure:4227: result: gcc -E
configure:4247: gcc -E  conftest.c
configure:4247: $? = 0
configure:4261: gcc -E  conftest.c
conftest.c:11:28: fatal error: ac_nonexistent.h: No such file or directory
compilation terminated.
configure:4261: $? = 1
configure: failed program was:
| /* confdefs.h */
| #define PACKAGE_NAME "HEIMDALL"
| #define PACKAGE_TARNAME "heimdall"
| #define PACKAGE_VERSION "0.1"
| #define PACKAGE_STRING "HEIMDALL 0.1"
| #define PACKAGE_BUGREPORT "ajameson@swin.edu.au"
| #define PACKAGE_URL ""
| #define PACKAGE "heimdall"
| #define VERSION "0.1"
| /* end confdefs.h.  */
| #include <ac_nonexistent.h>
configure:4347: checking for g++
configure:4363: found /usr/bin/g++
configure:4374: result: g++
configure:4401: checking for C++ compiler version
configure:4410: g++ --version >&5
g++ (Ubuntu 5.4.0-6ubuntu1~16.04.11) 5.4.0 20160609
Copyright (C) 2015 Free Software Foundation, Inc.
This is free software; see the source for copying conditions.  There is NO
warranty; not even for MERCHANTABILITY or FITNESS FOR A PARTICULAR PURPOSE.

configure:4421: $? = 0
configure:4410: g++ -v >&5
Using built-in specs.
COLLECT_GCC=g++
COLLECT_LTO_WRAPPER=/usr/lib/gcc/x86_64-linux-gnu/5/lto-wrapper
Target: x86_64-linux-gnu
Configured with: ../src/configure -v --with-pkgversion='Ubuntu 5.4.0-6ubuntu1~16.04.11' --with-bugurl=file:///usr/share/doc/gcc-5/README.Bugs --enable-languages=c,ada,c++,java,go,d,fortran,objc,obj-c++ --prefix=/usr --program-suffix=-5 --enable-shared --enable-linker-build-id --libexecdir=/usr/lib --without-included-gettext --enable-threads=posix --libdir=/usr/lib --enable-nls --with-sysroot=/ --enable-clocale=gnu --enable-libstdcxx-debug --enable-libstdcxx-time=yes --with-default-libstdcxx-abi=new --enable-gnu-unique-object --disable-vtable-verify --enable-libmpx --enable-plugin --with-system-zlib --disable-browser-plugin --enable-java-awt=gtk --enable-gtk-cairo --with-java-home=/usr/lib/jvm/java-1.5.0-gcj-5-amd64/jre --enable-java-home --with-jvm-root-dir=/usr/lib/jvm/java-1.5.0-gcj-5-amd64 --with-jvm-jar-dir=/usr/lib/jvm-exports/java-1.5.0-gcj-5-amd64 --with-arch-directory=amd64 --with-ecj-jar=/usr/share/java/eclipse-ecj.jar --enable-objc-gc --enable-multiarch --disable-werror --with-arch-32=i686 --with-abi=m64 --with-multilib-list=m32,m64,mx32 --enable-multilib --with-tune=generic --enable-checking=release --build=x86_64-linux-gnu --host=x86_64-linux-gnu --target=x86_64-linux-gnu
Thread model: posix
gcc version 5.4.0 20160609 (Ubuntu 5.4.0-6ubuntu1~16.04.11) 
configure:4421: $? = 0
configure:4410: g++ -V >&5
g++: error: unrecognized command line option '-V'
g++: fatal error: no input files
compilation terminated.
configure:4421: $? = 1
configure:4410: g++ -qversion >&5
g++: error: unrecognized command line option '-qversion'
g++: fatal error: no input files
compilation terminated.
configure:4421: $? = 1
configure:4425: checking whether we are using the GNU C++ compiler
configure:4444: g++ -c   conftest.cpp >&5
configure:4444: $? = 0
configure:4453: result: yes
configure:4462: checking whether g++ accepts -g
configure:4482: g++ -c -g  conftest.cpp >&5
configure:4482: $? = 0
configure:4523: result: yes
configure:4548: checking dependency style of g++
configure:4638: result: gcc3
configure:4656: checking whether gcc and cc understand -c and -o together
configure:4687: gcc -c conftest.c -o conftest2.o >&5
configure:4691: $? = 0
configure:4697: gcc -c conftest.c -o conftest2.o >&5
configure:4701: $? = 0
configure:4712: cc -c conftest.c >&5
configure:4716: $? = 0
configure:4724: cc -c conftest.c -o conftest2.o >&5
configure:4728: $? = 0
configure:4734: cc -c conftest.c -o conftest2.o >&5
configure:4738: $? = 0
configure:4756: result: yes
configure:4826: checking how to print strings
configure:4853: result: printf
configure:4874: checking for a sed that does not truncate output
configure:4938: result: /bin/sed
configure:4956: checking for grep that handles long lines and -e
configure:5014: result: /bin/grep
configure:5019: checking for egrep
configure:5081: result: /bin/grep -E
configure:5086: checking for fgrep
configure:5148: result: /bin/grep -F
configure:5183: checking for ld used by gcc
configure:5250: result: /usr/bin/ld
configure:5257: checking if the linker (/usr/bin/ld) is GNU ld
configure:5272: result: yes
configure:5284: checking for BSD- or MS-compatible name lister (nm)
configure:5338: result: /usr/bin/nm -B
configure:5468: checking the name lister (/usr/bin/nm -B) interface
configure:5475: gcc -c -g -O2  conftest.c >&5
configure:5478: /usr/bin/nm -B "conftest.o"
configure:5481: output
0000000000000000 B some_variable
configure:5488: result: BSD nm
configure:5491: checking whether ln -s works
configure:5495: result: yes
configure:5503: checking the maximum length of command line arguments
configure:5634: result: 1572864
configure:5682: checking how to convert x86_64-unknown-linux-gnu file names to x86_64-unknown-linux-gnu format
configure:5722: result: func_convert_file_noop
configure:5729: checking how to convert x86_64-unknown-linux-gnu file names to toolchain format
configure:5749: result: func_convert_file_noop
configure:5756: checking for /usr/bin/ld option to reload object files
configure:5763: result: -r
configure:5837: checking for objdump
configure:5853: found /usr/bin/objdump
configure:5864: result: objdump
configure:5896: checking how to recognize dependent libraries
configure:6096: result: pass_all
configure:6181: checking for dlltool
configure:6211: result: no
configure:6241: checking how to associate runtime and link libraries
configure:6268: result: printf %s\n
configure:6329: checking for ar
configure:6345: found /usr/bin/ar
configure:6356: result: ar
configure:6393: checking for archiver @FILE support
configure:6410: gcc -c -g -O2  conftest.c >&5
configure:6410: $? = 0
configure:6413: ar cru libconftest.a @conftest.lst >&5
ar: `u' modifier ignored since `D' is the default (see `U')
configure:6416: $? = 0
configure:6421: ar cru libconftest.a @conftest.lst >&5
ar: `u' modifier ignored since `D' is the default (see `U')
ar: conftest.o: No such file or directory
configure:6424: $? = 1
configure:6436: result: @
configure:6494: checking for strip
configure:6510: found /usr/bin/strip
configure:6521: result: strip
configure:6593: checking for ranlib
configure:6609: found /usr/bin/ranlib
configure:6620: result: ranlib
configure:6722: checking command to parse /usr/bin/nm -B output from gcc object
configure:6875: gcc -c -g -O2  conftest.c >&5
configure:6878: $? = 0
configure:6882: /usr/bin/nm -B conftest.o \| sed -n -e 's/^.*[ ]\([ABCDGIRSTW][ABCDGIRSTW]*\)[ ][ ]*\([_A-Za-z][_A-Za-z0-9]*\)$/\1 \2 \2/p' | sed '/ __gnu_lto/d' \> conftest.nm
configure:6885: $? = 0
configure:6951: gcc -o conftest -g -O2  -L/home/cbochenek/.local/lib conftest.c conftstm.o >&5
configure:6954: $? = 0
configure:6992: result: ok
configure:7039: checking for sysroot
configure:7069: result: no
configure:7076: checking for a working dd
configure:7114: result: /bin/dd
configure:7118: checking how to truncate binary pipes
configure:7133: result: /bin/dd bs=4096 count=1
configure:7269: gcc -c -g -O2  conftest.c >&5
configure:7272: $? = 0
configure:7462: checking for mt
configure:7478: found /bin/mt
configure:7489: result: mt
configure:7512: checking if mt is a manifest tool
configure:7518: mt '-?'
configure:7526: result: no
configure:8199: checking for ANSI C header files
configure:8219: gcc -c -g -O2  conftest.c >&5
configure:8219: $? = 0
configure:8292: gcc -o conftest -g -O2  -L/home/cbochenek/.local/lib conftest.c  >&5
configure:8292: $? = 0
configure:8292: ./conftest
configure:8292: $? = 0
configure:8303: result: yes
configure:8316: checking for sys/types.h
configure:8316: gcc -c -g -O2  conftest.c >&5
configure:8316: $? = 0
configure:8316: result: yes
configure:8316: checking for sys/stat.h
configure:8316: gcc -c -g -O2  conftest.c >&5
configure:8316: $? = 0
configure:8316: result: yes
configure:8316: checking for stdlib.h
configure:8316: gcc -c -g -O2  conftest.c >&5
configure:8316: $? = 0
configure:8316: result: yes
configure:8316: checking for string.h
configure:8316: gcc -c -g -O2  conftest.c >&5
configure:8316: $? = 0
configure:8316: result: yes
configure:8316: checking for memory.h
configure:8316: gcc -c -g -O2  conftest.c >&5
configure:8316: $? = 0
configure:8316: result: yes
configure:8316: checking for strings.h
configure:8316: gcc -c -g -O2  conftest.c >&5
configure:8316: $? = 0
configure:8316: result: yes
configure:8316: checking for inttypes.h
configure:8316: gcc -c -g -O2  conftest.c >&5
configure:8316: $? = 0
configure:8316: result: yes
configure:8316: checking for stdint.h
configure:8316: gcc -c -g -O2  conftest.c >&5
configure:8316: $? = 0
configure:8316: result: yes
configure:8316: checking for unistd.h
configure:8316: gcc -c -g -O2  conftest.c >&5
configure:8316: $? = 0
configure:8316: result: yes
configure:8330: checking for dlfcn.h
configure:8330: gcc -c -g -O2  conftest.c >&5
configure:8330: $? = 0
configure:8330: result: yes
configure:8567: checking for objdir
configure:8582: result: .libs
configure:8846: checking if gcc supports -fno-rtti -fno-exceptions
configure:8864: gcc -c -g -O2  -fno-rtti -fno-exceptions conftest.c >&5
cc1: warning: command line option '-fno-rtti' is valid for C++/ObjC++ but not for C
configure:8868: $? = 0
configure:8881: result: no
configure:9239: checking for gcc option to produce PIC
configure:9246: result: -fPIC -DPIC
configure:9254: checking if gcc PIC flag -fPIC -DPIC works
configure:9272: gcc -c -g -O2  -fPIC -DPIC -DPIC conftest.c >&5
configure:9276: $? = 0
configure:9289: result: yes
configure:9318: checking if gcc static flag -static works
configure:9346: result: yes
configure:9361: checking if gcc supports -c -o file.o
configure:9382: gcc -c -g -O2  -o out/conftest2.o conftest.c >&5
configure:9386: $? = 0
configure:9408: result: yes
configure:9416: checking if gcc supports -c -o file.o
configure:9463: result: yes
configure:9496: checking whether the gcc linker (/usr/bin/ld -m elf_x86_64) supports shared libraries
configure:10759: result: yes
configure:10999: checking dynamic linker characteristics
configure:11580: gcc -o conftest -g -O2  -L/home/cbochenek/.local/lib -Wl,-rpath -Wl,/foo conftest.c  >&5
configure:11580: $? = 0
configure:11829: result: GNU/Linux ld.so
configure:11951: checking how to hardcode library paths into programs
configure:11976: result: immediate
configure:12524: checking whether stripping libraries is possible
configure:12529: result: yes
configure:12564: checking if libtool supports shared libraries
configure:12566: result: yes
configure:12569: checking whether to build shared libraries
configure:12594: result: no
configure:12597: checking whether to build static libraries
configure:12601: result: yes
configure:12624: checking how to run the C++ preprocessor
configure:12651: g++ -E  conftest.cpp
configure:12651: $? = 0
configure:12665: g++ -E  conftest.cpp
conftest.cpp:23:28: fatal error: ac_nonexistent.h: No such file or directory
compilation terminated.
configure:12665: $? = 1
configure: failed program was:
| /* confdefs.h */
| #define PACKAGE_NAME "HEIMDALL"
| #define PACKAGE_TARNAME "heimdall"
| #define PACKAGE_VERSION "0.1"
| #define PACKAGE_STRING "HEIMDALL 0.1"
| #define PACKAGE_BUGREPORT "ajameson@swin.edu.au"
| #define PACKAGE_URL ""
| #define PACKAGE "heimdall"
| #define VERSION "0.1"
| #define STDC_HEADERS 1
| #define HAVE_SYS_TYPES_H 1
| #define HAVE_SYS_STAT_H 1
| #define HAVE_STDLIB_H 1
| #define HAVE_STRING_H 1
| #define HAVE_MEMORY_H 1
| #define HAVE_STRINGS_H 1
| #define HAVE_INTTYPES_H 1
| #define HAVE_STDINT_H 1
| #define HAVE_UNISTD_H 1
| #define HAVE_DLFCN_H 1
| #define LT_OBJDIR ".libs/"
| /* end confdefs.h.  */
| #include <ac_nonexistent.h>
configure:12690: result: g++ -E
configure:12710: g++ -E  conftest.cpp
configure:12710: $? = 0
configure:12724: g++ -E  conftest.cpp
conftest.cpp:23:28: fatal error: ac_nonexistent.h: No such file or directory
compilation terminated.
configure:12724: $? = 1
configure: failed program was:
| /* confdefs.h */
| #define PACKAGE_NAME "HEIMDALL"
| #define PACKAGE_TARNAME "heimdall"
| #define PACKAGE_VERSION "0.1"
| #define PACKAGE_STRING "HEIMDALL 0.1"
| #define PACKAGE_BUGREPORT "ajameson@swin.edu.au"
| #define PACKAGE_URL ""
| #define PACKAGE "heimdall"
| #define VERSION "0.1"
| #define STDC_HEADERS 1
| #define HAVE_SYS_TYPES_H 1
| #define HAVE_SYS_STAT_H 1
| #define HAVE_STDLIB_H 1
| #define HAVE_STRING_H 1
| #define HAVE_MEMORY_H 1
| #define HAVE_STRINGS_H 1
| #define HAVE_INTTYPES_H 1
| #define HAVE_STDINT_H 1
| #define HAVE_UNISTD_H 1
| #define HAVE_DLFCN_H 1
| #define LT_OBJDIR ".libs/"
| /* end confdefs.h.  */
| #include <ac_nonexistent.h>
configure:12886: checking for ld used by g++
configure:12953: result: /usr/bin/ld -m elf_x86_64
configure:12960: checking if the linker (/usr/bin/ld -m elf_x86_64) is GNU ld
configure:12975: result: yes
configure:13030: checking whether the g++ linker (/usr/bin/ld -m elf_x86_64) supports shared libraries
configure:14103: result: yes
configure:14139: g++ -c -g -O2  conftest.cpp >&5
configure:14142: $? = 0
configure:14623: checking for g++ option to produce PIC
configure:14630: result: -fPIC -DPIC
configure:14638: checking if g++ PIC flag -fPIC -DPIC works
configure:14656: g++ -c -g -O2  -fPIC -DPIC -DPIC conftest.cpp >&5
configure:14660: $? = 0
configure:14673: result: yes
configure:14696: checking if g++ static flag -static works
configure:14724: result: yes
configure:14736: checking if g++ supports -c -o file.o
configure:14757: g++ -c -g -O2  -o out/conftest2.o conftest.cpp >&5
configure:14761: $? = 0
configure:14783: result: yes
configure:14788: checking if g++ supports -c -o file.o
configure:14835: result: yes
configure:14865: checking whether the g++ linker (/usr/bin/ld -m elf_x86_64) supports shared libraries
configure:14908: result: yes
configure:15049: checking dynamic linker characteristics
configure:15806: result: GNU/Linux ld.so
configure:15871: checking how to hardcode library paths into programs
configure:15896: result: immediate
configure:16077: checking for DEDISP Library installation
configure:16117: gcc -c -I. -g -O2   conftest.c >&5
configure:16117: $? = 0
configure:16188: gcc -o conftest  -g -O2   -L/home/cbochenek/.local/lib conftest.c -L/home/cbochenek/.local/lib -ldedisp -lstdc++   >&5
configure:16188: $? = 0
configure:16211: result: yes
configure:16322: checking for nvcc
configure:16340: found /usr/local/cuda/bin/nvcc
configure:16353: result: /usr/local/cuda/bin/nvcc
configure:16365: checking for CUDA installation
configure:16407: gcc -c -I. -g -O2   conftest.c >&5
configure:16407: $? = 0
configure:16478: gcc -o conftest  -g -O2   -L/home/cbochenek/.local/lib conftest.c -L/usr/local/cuda-10.0/lib64 -lcudart   >&5
configure:16478: $? = 0
configure:16504: result: yes
configure:16607: checking for PSRDADA Library installation
configure:16651: gcc -c -I. -g -O2   conftest.c >&5
configure:16651: $? = 0
configure:16722: gcc -o conftest  -g -O2   -L/home/cbochenek/.local/lib conftest.c -L. -l/home/cbochenek/psrdada   >&5
/usr/bin/ld: cannot find -l/home/cbochenek/psrdada
collect2: error: ld returned 1 exit status
configure:16722: $? = 1
configure: failed program was:
| /* confdefs.h */
| #define PACKAGE_NAME "HEIMDALL"
| #define PACKAGE_TARNAME "heimdall"
| #define PACKAGE_VERSION "0.1"
| #define PACKAGE_STRING "HEIMDALL 0.1"
| #define PACKAGE_BUGREPORT "ajameson@swin.edu.au"
| #define PACKAGE_URL ""
| #define PACKAGE "heimdall"
| #define VERSION "0.1"
| #define STDC_HEADERS 1
| #define HAVE_SYS_TYPES_H 1
| #define HAVE_SYS_STAT_H 1
| #define HAVE_STDLIB_H 1
| #define HAVE_STRING_H 1
| #define HAVE_MEMORY_H 1
| #define HAVE_STRINGS_H 1
| #define HAVE_INTTYPES_H 1
| #define HAVE_STDINT_H 1
| #define HAVE_UNISTD_H 1
| #define HAVE_DLFCN_H 1
| #define LT_OBJDIR ".libs/"
| #define HAVE_DEDISP 1
| #define HAVE_CUDA 1
| /* end confdefs.h.  */
| #include <dada_hdu.h>
| int
| main ()
| {
|  dada_hdu_create (0);
|   ;
|   return 0;
| }
configure:16746: result: no
configure:16840: checking for THRUST Library installation
configure:16896: g++ -c -I. -g -O2    conftest.cpp >&5
configure:16896: $? = 0
configure:16925: result: yes
configure: this is boost.m4 serial 25
configure:16986: checking for Boost headers version >= 1.4.0
configure:17057: g++ -c -g -O2    conftest.cpp >&5
configure:17057: $? = 0
configure:17078: result: yes
configure:17097: checking for Boost's header version
configure:17127: result: 1_58
configure:17141: checking for ANSI C header files
configure:17245: result: yes
configure:17256: checking arpa/inet.h usability
configure:17256: gcc -c -g -O2   conftest.c >&5
configure:17256: $? = 0
configure:17256: result: yes
configure:17256: checking arpa/inet.h presence
configure:17256: gcc -E  conftest.c
configure:17256: $? = 0
configure:17256: result: yes
configure:17256: checking for arpa/inet.h
configure:17256: result: yes
configure:17256: checking fcntl.h usability
configure:17256: gcc -c -g -O2   conftest.c >&5
configure:17256: $? = 0
configure:17256: result: yes
configure:17256: checking fcntl.h presence
configure:17256: gcc -E  conftest.c
configure:17256: $? = 0
configure:17256: result: yes
configure:17256: checking for fcntl.h
configure:17256: result: yes
configure:17256: checking for inttypes.h
configure:17256: result: yes
configure:17256: checking netdb.h usability
configure:17256: gcc -c -g -O2   conftest.c >&5
configure:17256: $? = 0
configure:17256: result: yes
configure:17256: checking netdb.h presence
configure:17256: gcc -E  conftest.c
configure:17256: $? = 0
configure:17256: result: yes
configure:17256: checking for netdb.h
configure:17256: result: yes
configure:17256: checking netinet/in.h usability
configure:17256: gcc -c -g -O2   conftest.c >&5
configure:17256: $? = 0
configure:17256: result: yes
configure:17256: checking netinet/in.h presence
configure:17256: gcc -E  conftest.c
configure:17256: $? = 0
configure:17256: result: yes
configure:17256: checking for netinet/in.h
configure:17256: result: yes
configure:17256: checking for stdlib.h
configure:17256: result: yes
configure:17256: checking for string.h
configure:17256: result: yes
configure:17256: checking sys/socket.h usability
configure:17256: gcc -c -g -O2   conftest.c >&5
configure:17256: $? = 0
configure:17256: result: yes
configure:17256: checking sys/socket.h presence
configure:17256: gcc -E  conftest.c
configure:17256: $? = 0
configure:17256: result: yes
configure:17256: checking for sys/socket.h
configure:17256: result: yes
configure:17256: checking sys/time.h usability
configure:17256: gcc -c -g -O2   conftest.c >&5
configure:17256: $? = 0
configure:17256: result: yes
configure:17256: checking sys/time.h presence
configure:17256: gcc -E  conftest.c
configure:17256: $? = 0
configure:17256: result: yes
configure:17256: checking for sys/time.h
configure:17256: result: yes
configure:17256: checking for unistd.h
configure:17256: result: yes
configure:17268: checking for stdbool.h that conforms to C99
configure:17335: gcc -c -g -O2   conftest.c >&5
configure:17335: $? = 0
configure:17342: result: yes
configure:17344: checking for _Bool
configure:17344: gcc -c -g -O2   conftest.c >&5
configure:17344: $? = 0
configure:17344: gcc -c -g -O2   conftest.c >&5
conftest.c: In function 'main':
conftest.c:74:20: error: expected expression before ')' token
 if (sizeof ((_Bool)))
                    ^
configure:17344: $? = 1
configure: failed program was:
| /* confdefs.h */
| #define PACKAGE_NAME "HEIMDALL"
| #define PACKAGE_TARNAME "heimdall"
| #define PACKAGE_VERSION "0.1"
| #define PACKAGE_STRING "HEIMDALL 0.1"
| #define PACKAGE_BUGREPORT "ajameson@swin.edu.au"
| #define PACKAGE_URL ""
| #define PACKAGE "heimdall"
| #define VERSION "0.1"
| #define STDC_HEADERS 1
| #define HAVE_SYS_TYPES_H 1
| #define HAVE_SYS_STAT_H 1
| #define HAVE_STDLIB_H 1
| #define HAVE_STRING_H 1
| #define HAVE_MEMORY_H 1
| #define HAVE_STRINGS_H 1
| #define HAVE_INTTYPES_H 1
| #define HAVE_STDINT_H 1
| #define HAVE_UNISTD_H 1
| #define HAVE_DLFCN_H 1
| #define LT_OBJDIR ".libs/"
| #define HAVE_DEDISP 1
| #define HAVE_CUDA 1
| #define HAVE_THRUST 1
| #define HAVE_BOOST 1
| #define STDC_HEADERS 1
| #define HAVE_ARPA_INET_H 1
| #define HAVE_FCNTL_H 1
| #define HAVE_INTTYPES_H 1
| #define HAVE_NETDB_H 1
| #define HAVE_NETINET_IN_H 1
| #define HAVE_STDLIB_H 1
| #define HAVE_STRING_H 1
| #define HAVE_SYS_SOCKET_H 1
| #define HAVE_SYS_TIME_H 1
| #define HAVE_UNISTD_H 1
| /* end confdefs.h.  */
| #include <stdio.h>
| #ifdef HAVE_SYS_TYPES_H
| # include <sys/types.h>
| #endif
| #ifdef HAVE_SYS_STAT_H
| # include <sys/stat.h>
| #endif
| #ifdef STDC_HEADERS
| # include <stdlib.h>
| # include <stddef.h>
| #else
| # ifdef HAVE_STDLIB_H
| #  include <stdlib.h>
| # endif
| #endif
| #ifdef HAVE_STRING_H
| # if !defined STDC_HEADERS && defined HAVE_MEMORY_H
| #  include <memory.h>
| # endif
| # include <string.h>
| #endif
| #ifdef HAVE_STRINGS_H
| # include <strings.h>
| #endif
| #ifdef HAVE_INTTYPES_H
| # include <inttypes.h>
| #endif
| #ifdef HAVE_STDINT_H
| # include <stdint.h>
| #endif
| #ifdef HAVE_UNISTD_H
| # include <unistd.h>
| #endif
| int
| main ()
| {
| if (sizeof ((_Bool)))
| 	    return 0;
|   ;
|   return 0;
| }
configure:17344: result: yes
configure:17361: checking for inline
configure:17377: gcc -c -g -O2   conftest.c >&5
configure:17377: $? = 0
configure:17385: result: inline
configure:17403: checking for int64_t
configure:17403: gcc -c -g -O2   conftest.c >&5
configure:17403: $? = 0
configure:17403: gcc -c -g -O2   conftest.c >&5
conftest.c: In function 'main':
conftest.c:78:53: warning: integer overflow in expression [-Woverflow]
    < (int64_t) (((((int64_t) 1 << N) << N) - 1) * 2 + 2))];
                                                     ^
conftest.c:77:12: error: storage size of 'test_array' isn't constant
 static int test_array [1 - 2 * !((int64_t) (((((int64_t) 1 << N) << N) - 1) * 2 + 1)
            ^
configure:17403: $? = 1
configure: failed program was:
| /* confdefs.h */
| #define PACKAGE_NAME "HEIMDALL"
| #define PACKAGE_TARNAME "heimdall"
| #define PACKAGE_VERSION "0.1"
| #define PACKAGE_STRING "HEIMDALL 0.1"
| #define PACKAGE_BUGREPORT "ajameson@swin.edu.au"
| #define PACKAGE_URL ""
| #define PACKAGE "heimdall"
| #define VERSION "0.1"
| #define STDC_HEADERS 1
| #define HAVE_SYS_TYPES_H 1
| #define HAVE_SYS_STAT_H 1
| #define HAVE_STDLIB_H 1
| #define HAVE_STRING_H 1
| #define HAVE_MEMORY_H 1
| #define HAVE_STRINGS_H 1
| #define HAVE_INTTYPES_H 1
| #define HAVE_STDINT_H 1
| #define HAVE_UNISTD_H 1
| #define HAVE_DLFCN_H 1
| #define LT_OBJDIR ".libs/"
| #define HAVE_DEDISP 1
| #define HAVE_CUDA 1
| #define HAVE_THRUST 1
| #define HAVE_BOOST 1
| #define STDC_HEADERS 1
| #define HAVE_ARPA_INET_H 1
| #define HAVE_FCNTL_H 1
| #define HAVE_INTTYPES_H 1
| #define HAVE_NETDB_H 1
| #define HAVE_NETINET_IN_H 1
| #define HAVE_STDLIB_H 1
| #define HAVE_STRING_H 1
| #define HAVE_SYS_SOCKET_H 1
| #define HAVE_SYS_TIME_H 1
| #define HAVE_UNISTD_H 1
| #define HAVE__BOOL 1
| #define HAVE_STDBOOL_H 1
| /* end confdefs.h.  */
| #include <stdio.h>
| #ifdef HAVE_SYS_TYPES_H
| # include <sys/types.h>
| #endif
| #ifdef HAVE_SYS_STAT_H
| # include <sys/stat.h>
| #endif
| #ifdef STDC_HEADERS
| # include <stdlib.h>
| # include <stddef.h>
| #else
| # ifdef HAVE_STDLIB_H
| #  include <stdlib.h>
| # endif
| #endif
| #ifdef HAVE_STRING_H
| # if !defined STDC_HEADERS && defined HAVE_MEMORY_H
| #  include <memory.h>
| # endif
| # include <string.h>
| #endif
| #ifdef HAVE_STRINGS_H
| # include <strings.h>
| #endif
| #ifdef HAVE_INTTYPES_H
| # include <inttypes.h>
| #endif
| #ifdef HAVE_STDINT_H
| # include <stdint.h>
| #endif
| #ifdef HAVE_UNISTD_H
| # include <unistd.h>
| #endif
| 	        enum { N = 64 / 2 - 1 };
| int
| main ()
| {
| static int test_array [1 - 2 * !((int64_t) (((((int64_t) 1 << N) << N) - 1) * 2 + 1)
| 		 < (int64_t) (((((int64_t) 1 << N) << N) - 1) * 2 + 2))];
| test_array [0] = 0;
| return test_array [0];
| 
|   ;
|   return 0;
| }
configure:17403: result: yes
configure:17414: checking for size_t
configure:17414: gcc -c -g -O2   conftest.c >&5
configure:17414: $? = 0
configure:17414: gcc -c -g -O2   conftest.c >&5
conftest.c: In function 'main':
conftest.c:76:21: error: expected expression before ')' token
 if (sizeof ((size_t)))
                     ^
configure:17414: $? = 1
configure: failed program was:
| /* confdefs.h */
| #define PACKAGE_NAME "HEIMDALL"
| #define PACKAGE_TARNAME "heimdall"
| #define PACKAGE_VERSION "0.1"
| #define PACKAGE_STRING "HEIMDALL 0.1"
| #define PACKAGE_BUGREPORT "ajameson@swin.edu.au"
| #define PACKAGE_URL ""
| #define PACKAGE "heimdall"
| #define VERSION "0.1"
| #define STDC_HEADERS 1
| #define HAVE_SYS_TYPES_H 1
| #define HAVE_SYS_STAT_H 1
| #define HAVE_STDLIB_H 1
| #define HAVE_STRING_H 1
| #define HAVE_MEMORY_H 1
| #define HAVE_STRINGS_H 1
| #define HAVE_INTTYPES_H 1
| #define HAVE_STDINT_H 1
| #define HAVE_UNISTD_H 1
| #define HAVE_DLFCN_H 1
| #define LT_OBJDIR ".libs/"
| #define HAVE_DEDISP 1
| #define HAVE_CUDA 1
| #define HAVE_THRUST 1
| #define HAVE_BOOST 1
| #define STDC_HEADERS 1
| #define HAVE_ARPA_INET_H 1
| #define HAVE_FCNTL_H 1
| #define HAVE_INTTYPES_H 1
| #define HAVE_NETDB_H 1
| #define HAVE_NETINET_IN_H 1
| #define HAVE_STDLIB_H 1
| #define HAVE_STRING_H 1
| #define HAVE_SYS_SOCKET_H 1
| #define HAVE_SYS_TIME_H 1
| #define HAVE_UNISTD_H 1
| #define HAVE__BOOL 1
| #define HAVE_STDBOOL_H 1
| /* end confdefs.h.  */
| #include <stdio.h>
| #ifdef HAVE_SYS_TYPES_H
| # include <sys/types.h>
| #endif
| #ifdef HAVE_SYS_STAT_H
| # include <sys/stat.h>
| #endif
| #ifdef STDC_HEADERS
| # include <stdlib.h>
| # include <stddef.h>
| #else
| # ifdef HAVE_STDLIB_H
| #  include <stdlib.h>
| # endif
| #endif
| #ifdef HAVE_STRING_H
| # if !defined STDC_HEADERS && defined HAVE_MEMORY_H
| #  include <memory.h>
| # endif
| # include <string.h>
| #endif
| #ifdef HAVE_STRINGS_H
| # include <strings.h>
| #endif
| #ifdef HAVE_INTTYPES_H
| # include <inttypes.h>
| #endif
| #ifdef HAVE_STDINT_H
| # include <stdint.h>
| #endif
| #ifdef HAVE_UNISTD_H
| # include <unistd.h>
| #endif
| int
| main ()
| {
| if (sizeof ((size_t)))
| 	    return 0;
|   ;
|   return 0;
| }
configure:17414: result: yes
configure:17425: checking for uint64_t
configure:17425: gcc -c -g -O2   conftest.c >&5
configure:17425: $? = 0
configure:17425: result: yes
configure:17439: checking for an ANSI C-conforming const
configure:17505: gcc -c -g -O2   conftest.c >&5
configure:17505: $? = 0
configure:17512: result: yes
configure:17520: checking for pid_t
configure:17520: gcc -c -g -O2   conftest.c >&5
configure:17520: $? = 0
configure:17520: gcc -c -g -O2   conftest.c >&5
conftest.c: In function 'main':
conftest.c:76:20: error: expected expression before ')' token
 if (sizeof ((pid_t)))
                    ^
configure:17520: $? = 1
configure: failed program was:
| /* confdefs.h */
| #define PACKAGE_NAME "HEIMDALL"
| #define PACKAGE_TARNAME "heimdall"
| #define PACKAGE_VERSION "0.1"
| #define PACKAGE_STRING "HEIMDALL 0.1"
| #define PACKAGE_BUGREPORT "ajameson@swin.edu.au"
| #define PACKAGE_URL ""
| #define PACKAGE "heimdall"
| #define VERSION "0.1"
| #define STDC_HEADERS 1
| #define HAVE_SYS_TYPES_H 1
| #define HAVE_SYS_STAT_H 1
| #define HAVE_STDLIB_H 1
| #define HAVE_STRING_H 1
| #define HAVE_MEMORY_H 1
| #define HAVE_STRINGS_H 1
| #define HAVE_INTTYPES_H 1
| #define HAVE_STDINT_H 1
| #define HAVE_UNISTD_H 1
| #define HAVE_DLFCN_H 1
| #define LT_OBJDIR ".libs/"
| #define HAVE_DEDISP 1
| #define HAVE_CUDA 1
| #define HAVE_THRUST 1
| #define HAVE_BOOST 1
| #define STDC_HEADERS 1
| #define HAVE_ARPA_INET_H 1
| #define HAVE_FCNTL_H 1
| #define HAVE_INTTYPES_H 1
| #define HAVE_NETDB_H 1
| #define HAVE_NETINET_IN_H 1
| #define HAVE_STDLIB_H 1
| #define HAVE_STRING_H 1
| #define HAVE_SYS_SOCKET_H 1
| #define HAVE_SYS_TIME_H 1
| #define HAVE_UNISTD_H 1
| #define HAVE__BOOL 1
| #define HAVE_STDBOOL_H 1
| /* end confdefs.h.  */
| #include <stdio.h>
| #ifdef HAVE_SYS_TYPES_H
| # include <sys/types.h>
| #endif
| #ifdef HAVE_SYS_STAT_H
| # include <sys/stat.h>
| #endif
| #ifdef STDC_HEADERS
| # include <stdlib.h>
| # include <stddef.h>
| #else
| # ifdef HAVE_STDLIB_H
| #  include <stdlib.h>
| # endif
| #endif
| #ifdef HAVE_STRING_H
| # if !defined STDC_HEADERS && defined HAVE_MEMORY_H
| #  include <memory.h>
| # endif
| # include <string.h>
| #endif
| #ifdef HAVE_STRINGS_H
| # include <strings.h>
| #endif
| #ifdef HAVE_INTTYPES_H
| # include <inttypes.h>
| #endif
| #ifdef HAVE_STDINT_H
| # include <stdint.h>
| #endif
| #ifdef HAVE_UNISTD_H
| # include <unistd.h>
| #endif
| int
| main ()
| {
| if (sizeof ((pid_t)))
| 	    return 0;
|   ;
|   return 0;
| }
configure:17520: result: yes
configure:17531: checking for size_t
configure:17531: result: yes
configure:17542: checking whether time.h and sys/time.h may both be included
configure:17562: gcc -c -g -O2   conftest.c >&5
configure:17562: $? = 0
configure:17569: result: yes
configure:17577: checking whether struct tm is in sys/time.h or time.h
configure:17597: gcc -c -g -O2   conftest.c >&5
configure:17597: $? = 0
configure:17604: result: time.h
configure:17616: checking vfork.h usability
configure:17616: gcc -c -g -O2   conftest.c >&5
conftest.c:74:19: fatal error: vfork.h: No such file or directory
compilation terminated.
configure:17616: $? = 1
configure: failed program was:
| /* confdefs.h */
| #define PACKAGE_NAME "HEIMDALL"
| #define PACKAGE_TARNAME "heimdall"
| #define PACKAGE_VERSION "0.1"
| #define PACKAGE_STRING "HEIMDALL 0.1"
| #define PACKAGE_BUGREPORT "ajameson@swin.edu.au"
| #define PACKAGE_URL ""
| #define PACKAGE "heimdall"
| #define VERSION "0.1"
| #define STDC_HEADERS 1
| #define HAVE_SYS_TYPES_H 1
| #define HAVE_SYS_STAT_H 1
| #define HAVE_STDLIB_H 1
| #define HAVE_STRING_H 1
| #define HAVE_MEMORY_H 1
| #define HAVE_STRINGS_H 1
| #define HAVE_INTTYPES_H 1
| #define HAVE_STDINT_H 1
| #define HAVE_UNISTD_H 1
| #define HAVE_DLFCN_H 1
| #define LT_OBJDIR ".libs/"
| #define HAVE_DEDISP 1
| #define HAVE_CUDA 1
| #define HAVE_THRUST 1
| #define HAVE_BOOST 1
| #define STDC_HEADERS 1
| #define HAVE_ARPA_INET_H 1
| #define HAVE_FCNTL_H 1
| #define HAVE_INTTYPES_H 1
| #define HAVE_NETDB_H 1
| #define HAVE_NETINET_IN_H 1
| #define HAVE_STDLIB_H 1
| #define HAVE_STRING_H 1
| #define HAVE_SYS_SOCKET_H 1
| #define HAVE_SYS_TIME_H 1
| #define HAVE_UNISTD_H 1
| #define HAVE__BOOL 1
| #define HAVE_STDBOOL_H 1
| #define TIME_WITH_SYS_TIME 1
| /* end confdefs.h.  */
| #include <stdio.h>
| #ifdef HAVE_SYS_TYPES_H
| # include <sys/types.h>
| #endif
| #ifdef HAVE_SYS_STAT_H
| # include <sys/stat.h>
| #endif
| #ifdef STDC_HEADERS
| # include <stdlib.h>
| # include <stddef.h>
| #else
| # ifdef HAVE_STDLIB_H
| #  include <stdlib.h>
| # endif
| #endif
| #ifdef HAVE_STRING_H
| # if !defined STDC_HEADERS && defined HAVE_MEMORY_H
| #  include <memory.h>
| # endif
| # include <string.h>
| #endif
| #ifdef HAVE_STRINGS_H
| # include <strings.h>
| #endif
| #ifdef HAVE_INTTYPES_H
| # include <inttypes.h>
| #endif
| #ifdef HAVE_STDINT_H
| # include <stdint.h>
| #endif
| #ifdef HAVE_UNISTD_H
| # include <unistd.h>
| #endif
| #include <vfork.h>
configure:17616: result: no
configure:17616: checking vfork.h presence
configure:17616: gcc -E  conftest.c
conftest.c:41:19: fatal error: vfork.h: No such file or directory
compilation terminated.
configure:17616: $? = 1
configure: failed program was:
| /* confdefs.h */
| #define PACKAGE_NAME "HEIMDALL"
| #define PACKAGE_TARNAME "heimdall"
| #define PACKAGE_VERSION "0.1"
| #define PACKAGE_STRING "HEIMDALL 0.1"
| #define PACKAGE_BUGREPORT "ajameson@swin.edu.au"
| #define PACKAGE_URL ""
| #define PACKAGE "heimdall"
| #define VERSION "0.1"
| #define STDC_HEADERS 1
| #define HAVE_SYS_TYPES_H 1
| #define HAVE_SYS_STAT_H 1
| #define HAVE_STDLIB_H 1
| #define HAVE_STRING_H 1
| #define HAVE_MEMORY_H 1
| #define HAVE_STRINGS_H 1
| #define HAVE_INTTYPES_H 1
| #define HAVE_STDINT_H 1
| #define HAVE_UNISTD_H 1
| #define HAVE_DLFCN_H 1
| #define LT_OBJDIR ".libs/"
| #define HAVE_DEDISP 1
| #define HAVE_CUDA 1
| #define HAVE_THRUST 1
| #define HAVE_BOOST 1
| #define STDC_HEADERS 1
| #define HAVE_ARPA_INET_H 1
| #define HAVE_FCNTL_H 1
| #define HAVE_INTTYPES_H 1
| #define HAVE_NETDB_H 1
| #define HAVE_NETINET_IN_H 1
| #define HAVE_STDLIB_H 1
| #define HAVE_STRING_H 1
| #define HAVE_SYS_SOCKET_H 1
| #define HAVE_SYS_TIME_H 1
| #define HAVE_UNISTD_H 1
| #define HAVE__BOOL 1
| #define HAVE_STDBOOL_H 1
| #define TIME_WITH_SYS_TIME 1
| /* end confdefs.h.  */
| #include <vfork.h>
configure:17616: result: no
configure:17616: checking for vfork.h
configure:17616: result: no
configure:17629: checking for fork
configure:17629: gcc -o conftest -g -O2   -L/home/cbochenek/.local/lib conftest.c   >&5
conftest.c:64:6: warning: conflicting types for built-in function 'fork'
 char fork ();
      ^
configure:17629: $? = 0
configure:17629: result: yes
configure:17629: checking for vfork
configure:17629: gcc -o conftest -g -O2   -L/home/cbochenek/.local/lib conftest.c   >&5
configure:17629: $? = 0
configure:17629: result: yes
configure:17639: checking for working fork
configure:17661: gcc -o conftest -g -O2   -L/home/cbochenek/.local/lib conftest.c   >&5
configure:17661: $? = 0
configure:17661: ./conftest
configure:17661: $? = 0
configure:17671: result: yes
configure:17692: checking for working vfork
configure:17802: result: yes
configure:17829: checking for stdlib.h
configure:17829: result: yes
configure:17839: checking for GNU libc compatible malloc
configure:17863: gcc -o conftest -g -O2   -L/home/cbochenek/.local/lib conftest.c   >&5
configure:17863: $? = 0
configure:17863: ./conftest
configure:17863: $? = 0
configure:17873: result: yes
configure:17894: checking for working memcmp
configure:17937: gcc -o conftest -g -O2   -L/home/cbochenek/.local/lib conftest.c   >&5
configure:17937: $? = 0
configure:17937: ./conftest
configure:17937: $? = 0
configure:17947: result: yes
configure:17962: checking for sys/time.h
configure:17962: result: yes
configure:17962: checking for unistd.h
configure:17962: result: yes
configure:17983: checking for alarm
configure:17983: gcc -o conftest -g -O2   -L/home/cbochenek/.local/lib conftest.c   >&5
configure:17983: $? = 0
configure:17983: result: yes
configure:17996: checking for working mktime
configure:18198: gcc -o conftest -g -O2   -L/home/cbochenek/.local/lib conftest.c   >&5
configure:18198: $? = 0
configure:18198: ./conftest
configure:18198: $? = 0
configure:18208: result: yes
configure:18221: checking for stdlib.h
configure:18221: result: yes
configure:18231: checking for GNU libc compatible realloc
configure:18255: gcc -o conftest -g -O2   -L/home/cbochenek/.local/lib conftest.c   >&5
configure:18255: $? = 0
configure:18255: ./conftest
configure:18255: $? = 0
configure:18265: result: yes
configure:18289: checking sys/select.h usability
configure:18289: gcc -c -g -O2   conftest.c >&5
configure:18289: $? = 0
configure:18289: result: yes
configure:18289: checking sys/select.h presence
configure:18289: gcc -E  conftest.c
configure:18289: $? = 0
configure:18289: result: yes
configure:18289: checking for sys/select.h
configure:18289: result: yes
configure:18289: checking for sys/socket.h
configure:18289: result: yes
configure:18299: checking types of arguments for select
configure:18327: gcc -c -g -O2   conftest.c >&5
configure:18327: $? = 0
configure:18338: result: int,fd_set *,struct timeval *
configure:18368: checking return type of signal handlers
configure:18386: gcc -c -g -O2   conftest.c >&5
conftest.c: In function 'main':
conftest.c:63:9: error: void value not ignored as it ought to be
 return *(signal (0, 0)) (0) == 1;
         ^
configure:18386: $? = 1
configure: failed program was:
| /* confdefs.h */
| #define PACKAGE_NAME "HEIMDALL"
| #define PACKAGE_TARNAME "heimdall"
| #define PACKAGE_VERSION "0.1"
| #define PACKAGE_STRING "HEIMDALL 0.1"
| #define PACKAGE_BUGREPORT "ajameson@swin.edu.au"
| #define PACKAGE_URL ""
| #define PACKAGE "heimdall"
| #define VERSION "0.1"
| #define STDC_HEADERS 1
| #define HAVE_SYS_TYPES_H 1
| #define HAVE_SYS_STAT_H 1
| #define HAVE_STDLIB_H 1
| #define HAVE_STRING_H 1
| #define HAVE_MEMORY_H 1
| #define HAVE_STRINGS_H 1
| #define HAVE_INTTYPES_H 1
| #define HAVE_STDINT_H 1
| #define HAVE_UNISTD_H 1
| #define HAVE_DLFCN_H 1
| #define LT_OBJDIR ".libs/"
| #define HAVE_DEDISP 1
| #define HAVE_CUDA 1
| #define HAVE_THRUST 1
| #define HAVE_BOOST 1
| #define STDC_HEADERS 1
| #define HAVE_ARPA_INET_H 1
| #define HAVE_FCNTL_H 1
| #define HAVE_INTTYPES_H 1
| #define HAVE_NETDB_H 1
| #define HAVE_NETINET_IN_H 1
| #define HAVE_STDLIB_H 1
| #define HAVE_STRING_H 1
| #define HAVE_SYS_SOCKET_H 1
| #define HAVE_SYS_TIME_H 1
| #define HAVE_UNISTD_H 1
| #define HAVE__BOOL 1
| #define HAVE_STDBOOL_H 1
| #define TIME_WITH_SYS_TIME 1
| #define HAVE_FORK 1
| #define HAVE_VFORK 1
| #define HAVE_WORKING_VFORK 1
| #define HAVE_WORKING_FORK 1
| #define HAVE_STDLIB_H 1
| #define HAVE_MALLOC 1
| #define HAVE_SYS_TIME_H 1
| #define HAVE_UNISTD_H 1
| #define HAVE_ALARM 1
| #define HAVE_STDLIB_H 1
| #define HAVE_REALLOC 1
| #define HAVE_SYS_SELECT_H 1
| #define HAVE_SYS_SOCKET_H 1
| #define SELECT_TYPE_ARG1 int
| #define SELECT_TYPE_ARG234 (fd_set *)
| #define SELECT_TYPE_ARG5 (struct timeval *)
| /* end confdefs.h.  */
| #include <sys/types.h>
| #include <signal.h>
| 
| int
| main ()
| {
| return *(signal (0, 0)) (0) == 1;
|   ;
|   return 0;
| }
configure:18393: result: void
configure:18401: checking whether lstat correctly handles trailing slash
configure:18427: gcc -o conftest -g -O2   -L/home/cbochenek/.local/lib conftest.c   >&5
configure:18427: $? = 0
configure:18427: ./conftest
configure:18427: $? = 0
configure:18444: result: yes
configure:18463: checking whether stat accepts an empty string
configure:18483: gcc -o conftest -g -O2   -L/home/cbochenek/.local/lib conftest.c   >&5
configure:18483: $? = 0
configure:18483: ./conftest
configure:18483: $? = 0
configure:18493: result: no
configure:18511: checking for strftime
configure:18511: gcc -o conftest -g -O2   -L/home/cbochenek/.local/lib conftest.c   >&5
conftest.c:82:6: warning: conflicting types for built-in function 'strftime'
 char strftime ();
      ^
configure:18511: $? = 0
configure:18511: result: yes
configure:18566: checking for vprintf
configure:18566: gcc -o conftest -g -O2   -L/home/cbochenek/.local/lib conftest.c   >&5
conftest.c:83:6: warning: conflicting types for built-in function 'vprintf'
 char vprintf ();
      ^
configure:18566: $? = 0
configure:18566: result: yes
configure:18572: checking for _doprnt
configure:18572: gcc -o conftest -g -O2   -L/home/cbochenek/.local/lib conftest.c   >&5
/tmp/ccAoloFG.o: In function `main':
/home/cbochenek/DSA-10/dsaX_dsa5/heimdallr/conftest.c:95: undefined reference to `_doprnt'
collect2: error: ld returned 1 exit status
configure:18572: $? = 1
configure: failed program was:
| /* confdefs.h */
| #define PACKAGE_NAME "HEIMDALL"
| #define PACKAGE_TARNAME "heimdall"
| #define PACKAGE_VERSION "0.1"
| #define PACKAGE_STRING "HEIMDALL 0.1"
| #define PACKAGE_BUGREPORT "ajameson@swin.edu.au"
| #define PACKAGE_URL ""
| #define PACKAGE "heimdall"
| #define VERSION "0.1"
| #define STDC_HEADERS 1
| #define HAVE_SYS_TYPES_H 1
| #define HAVE_SYS_STAT_H 1
| #define HAVE_STDLIB_H 1
| #define HAVE_STRING_H 1
| #define HAVE_MEMORY_H 1
| #define HAVE_STRINGS_H 1
| #define HAVE_INTTYPES_H 1
| #define HAVE_STDINT_H 1
| #define HAVE_UNISTD_H 1
| #define HAVE_DLFCN_H 1
| #define LT_OBJDIR ".libs/"
| #define HAVE_DEDISP 1
| #define HAVE_CUDA 1
| #define HAVE_THRUST 1
| #define HAVE_BOOST 1
| #define STDC_HEADERS 1
| #define HAVE_ARPA_INET_H 1
| #define HAVE_FCNTL_H 1
| #define HAVE_INTTYPES_H 1
| #define HAVE_NETDB_H 1
| #define HAVE_NETINET_IN_H 1
| #define HAVE_STDLIB_H 1
| #define HAVE_STRING_H 1
| #define HAVE_SYS_SOCKET_H 1
| #define HAVE_SYS_TIME_H 1
| #define HAVE_UNISTD_H 1
| #define HAVE__BOOL 1
| #define HAVE_STDBOOL_H 1
| #define TIME_WITH_SYS_TIME 1
| #define HAVE_FORK 1
| #define HAVE_VFORK 1
| #define HAVE_WORKING_VFORK 1
| #define HAVE_WORKING_FORK 1
| #define HAVE_STDLIB_H 1
| #define HAVE_MALLOC 1
| #define HAVE_SYS_TIME_H 1
| #define HAVE_UNISTD_H 1
| #define HAVE_ALARM 1
| #define HAVE_STDLIB_H 1
| #define HAVE_REALLOC 1
| #define HAVE_SYS_SELECT_H 1
| #define HAVE_SYS_SOCKET_H 1
| #define SELECT_TYPE_ARG1 int
| #define SELECT_TYPE_ARG234 (fd_set *)
| #define SELECT_TYPE_ARG5 (struct timeval *)
| #define RETSIGTYPE void
| #define LSTAT_FOLLOWS_SLASHED_SYMLINK 1
| #define HAVE_STRFTIME 1
| #define HAVE_VPRINTF 1
| /* end confdefs.h.  */
| /* Define _doprnt to an innocuous variant, in case <limits.h> declares _doprnt.
|    For example, HP-UX 11i <limits.h> declares gettimeofday.  */
| #define _doprnt innocuous__doprnt
| 
| /* System header to define __stub macros and hopefully few prototypes,
|     which can conflict with char _doprnt (); below.
|     Prefer <limits.h> to <assert.h> if __STDC__ is defined, since
|     <limits.h> exists even on freestanding compilers.  */
| 
| #ifdef __STDC__
| # include <limits.h>
| #else
| # include <assert.h>
| #endif
| 
| #undef _doprnt
| 
| /* Override any GCC internal prototype to avoid an error.
|    Use char because int might match the return type of a GCC
|    builtin and then its argument prototype would still apply.  */
| #ifdef __cplusplus
| extern "C"
| #endif
| char _doprnt ();
| /* The GNU C library defines this for functions which it implements
|     to always fail with ENOSYS.  Some functions are actually named
|     something starting with __ and the normal name is an alias.  */
| #if defined __stub__doprnt || defined __stub____doprnt
| choke me
| #endif
| 
| int
| main ()
| {
| return _doprnt ();
|   ;
|   return 0;
| }
configure:18572: result: no
configure:18583: checking for error_at_line
configure:18599: gcc -o conftest -g -O2   -L/home/cbochenek/.local/lib conftest.c   >&5
configure:18599: $? = 0
configure:18607: result: yes
configure:18621: checking for gettimeofday
configure:18621: gcc -o conftest -g -O2   -L/home/cbochenek/.local/lib conftest.c   >&5
configure:18621: $? = 0
configure:18621: result: yes
configure:18621: checking for memset
configure:18621: gcc -o conftest -g -O2   -L/home/cbochenek/.local/lib conftest.c   >&5
conftest.c:85:6: warning: conflicting types for built-in function 'memset'
 char memset ();
      ^
configure:18621: $? = 0
configure:18621: result: yes
configure:18621: checking for pow
configure:18621: gcc -o conftest -g -O2   -L/home/cbochenek/.local/lib conftest.c   >&5
conftest.c:86:6: warning: conflicting types for built-in function 'pow'
 char pow ();
      ^
/tmp/ccHcjBF0.o: In function `main':
/home/cbochenek/DSA-10/dsaX_dsa5/heimdallr/conftest.c:97: undefined reference to `pow'
collect2: error: ld returned 1 exit status
configure:18621: $? = 1
configure: failed program was:
| /* confdefs.h */
| #define PACKAGE_NAME "HEIMDALL"
| #define PACKAGE_TARNAME "heimdall"
| #define PACKAGE_VERSION "0.1"
| #define PACKAGE_STRING "HEIMDALL 0.1"
| #define PACKAGE_BUGREPORT "ajameson@swin.edu.au"
| #define PACKAGE_URL ""
| #define PACKAGE "heimdall"
| #define VERSION "0.1"
| #define STDC_HEADERS 1
| #define HAVE_SYS_TYPES_H 1
| #define HAVE_SYS_STAT_H 1
| #define HAVE_STDLIB_H 1
| #define HAVE_STRING_H 1
| #define HAVE_MEMORY_H 1
| #define HAVE_STRINGS_H 1
| #define HAVE_INTTYPES_H 1
| #define HAVE_STDINT_H 1
| #define HAVE_UNISTD_H 1
| #define HAVE_DLFCN_H 1
| #define LT_OBJDIR ".libs/"
| #define HAVE_DEDISP 1
| #define HAVE_CUDA 1
| #define HAVE_THRUST 1
| #define HAVE_BOOST 1
| #define STDC_HEADERS 1
| #define HAVE_ARPA_INET_H 1
| #define HAVE_FCNTL_H 1
| #define HAVE_INTTYPES_H 1
| #define HAVE_NETDB_H 1
| #define HAVE_NETINET_IN_H 1
| #define HAVE_STDLIB_H 1
| #define HAVE_STRING_H 1
| #define HAVE_SYS_SOCKET_H 1
| #define HAVE_SYS_TIME_H 1
| #define HAVE_UNISTD_H 1
| #define HAVE__BOOL 1
| #define HAVE_STDBOOL_H 1
| #define TIME_WITH_SYS_TIME 1
| #define HAVE_FORK 1
| #define HAVE_VFORK 1
| #define HAVE_WORKING_VFORK 1
| #define HAVE_WORKING_FORK 1
| #define HAVE_STDLIB_H 1
| #define HAVE_MALLOC 1
| #define HAVE_SYS_TIME_H 1
| #define HAVE_UNISTD_H 1
| #define HAVE_ALARM 1
| #define HAVE_STDLIB_H 1
| #define HAVE_REALLOC 1
| #define HAVE_SYS_SELECT_H 1
| #define HAVE_SYS_SOCKET_H 1
| #define SELECT_TYPE_ARG1 int
| #define SELECT_TYPE_ARG234 (fd_set *)
| #define SELECT_TYPE_ARG5 (struct timeval *)
| #define RETSIGTYPE void
| #define LSTAT_FOLLOWS_SLASHED_SYMLINK 1
| #define HAVE_STRFTIME 1
| #define HAVE_VPRINTF 1
| #define HAVE_GETTIMEOFDAY 1
| #define HAVE_MEMSET 1
| /* end confdefs.h.  */
| /* Define pow to an innocuous variant, in case <limits.h> declares pow.
|    For example, HP-UX 11i <limits.h> declares gettimeofday.  */
| #define pow innocuous_pow
| 
| /* System header to define __stub macros and hopefully few prototypes,
|     which can conflict with char pow (); below.
|     Prefer <limits.h> to <assert.h> if __STDC__ is defined, since
|     <limits.h> exists even on freestanding compilers.  */
| 
| #ifdef __STDC__
| # include <limits.h>
| #else
| # include <assert.h>
| #endif
| 
| #undef pow
| 
| /* Override any GCC internal prototype to avoid an error.
|    Use char because int might match the return type of a GCC
|    builtin and then its argument prototype would still apply.  */
| #ifdef __cplusplus
| extern "C"
| #endif
| char pow ();
| /* The GNU C library defines this for functions which it implements
|     to always fail with ENOSYS.  Some functions are actually named
|     something starting with __ and the normal name is an alias.  */
| #if defined __stub_pow || defined __stub___pow
| choke me
| #endif
| 
| int
| main ()
| {
| return pow ();
|   ;
|   return 0;
| }
configure:18621: result: no
configure:18621: checking for socket
configure:18621: gcc -o conftest -g -O2   -L/home/cbochenek/.local/lib conftest.c   >&5
configure:18621: $? = 0
configure:18621: result: yes
configure:18621: checking for sqrt
configure:18621: gcc -o conftest -g -O2   -L/home/cbochenek/.local/lib conftest.c   >&5
conftest.c:87:6: warning: conflicting types for built-in function 'sqrt'
 char sqrt ();
      ^
/tmp/ccxrSo8e.o: In function `main':
/home/cbochenek/DSA-10/dsaX_dsa5/heimdallr/conftest.c:98: undefined reference to `sqrt'
collect2: error: ld returned 1 exit status
configure:18621: $? = 1
configure: failed program was:
| /* confdefs.h */
| #define PACKAGE_NAME "HEIMDALL"
| #define PACKAGE_TARNAME "heimdall"
| #define PACKAGE_VERSION "0.1"
| #define PACKAGE_STRING "HEIMDALL 0.1"
| #define PACKAGE_BUGREPORT "ajameson@swin.edu.au"
| #define PACKAGE_URL ""
| #define PACKAGE "heimdall"
| #define VERSION "0.1"
| #define STDC_HEADERS 1
| #define HAVE_SYS_TYPES_H 1
| #define HAVE_SYS_STAT_H 1
| #define HAVE_STDLIB_H 1
| #define HAVE_STRING_H 1
| #define HAVE_MEMORY_H 1
| #define HAVE_STRINGS_H 1
| #define HAVE_INTTYPES_H 1
| #define HAVE_STDINT_H 1
| #define HAVE_UNISTD_H 1
| #define HAVE_DLFCN_H 1
| #define LT_OBJDIR ".libs/"
| #define HAVE_DEDISP 1
| #define HAVE_CUDA 1
| #define HAVE_THRUST 1
| #define HAVE_BOOST 1
| #define STDC_HEADERS 1
| #define HAVE_ARPA_INET_H 1
| #define HAVE_FCNTL_H 1
| #define HAVE_INTTYPES_H 1
| #define HAVE_NETDB_H 1
| #define HAVE_NETINET_IN_H 1
| #define HAVE_STDLIB_H 1
| #define HAVE_STRING_H 1
| #define HAVE_SYS_SOCKET_H 1
| #define HAVE_SYS_TIME_H 1
| #define HAVE_UNISTD_H 1
| #define HAVE__BOOL 1
| #define HAVE_STDBOOL_H 1
| #define TIME_WITH_SYS_TIME 1
| #define HAVE_FORK 1
| #define HAVE_VFORK 1
| #define HAVE_WORKING_VFORK 1
| #define HAVE_WORKING_FORK 1
| #define HAVE_STDLIB_H 1
| #define HAVE_MALLOC 1
| #define HAVE_SYS_TIME_H 1
| #define HAVE_UNISTD_H 1
| #define HAVE_ALARM 1
| #define HAVE_STDLIB_H 1
| #define HAVE_REALLOC 1
| #define HAVE_SYS_SELECT_H 1
| #define HAVE_SYS_SOCKET_H 1
| #define SELECT_TYPE_ARG1 int
| #define SELECT_TYPE_ARG234 (fd_set *)
| #define SELECT_TYPE_ARG5 (struct timeval *)
| #define RETSIGTYPE void
| #define LSTAT_FOLLOWS_SLASHED_SYMLINK 1
| #define HAVE_STRFTIME 1
| #define HAVE_VPRINTF 1
| #define HAVE_GETTIMEOFDAY 1
| #define HAVE_MEMSET 1
| #define HAVE_SOCKET 1
| /* end confdefs.h.  */
| /* Define sqrt to an innocuous variant, in case <limits.h> declares sqrt.
|    For example, HP-UX 11i <limits.h> declares gettimeofday.  */
| #define sqrt innocuous_sqrt
| 
| /* System header to define __stub macros and hopefully few prototypes,
|     which can conflict with char sqrt (); below.
|     Prefer <limits.h> to <assert.h> if __STDC__ is defined, since
|     <limits.h> exists even on freestanding compilers.  */
| 
| #ifdef __STDC__
| # include <limits.h>
| #else
| # include <assert.h>
| #endif
| 
| #undef sqrt
| 
| /* Override any GCC internal prototype to avoid an error.
|    Use char because int might match the return type of a GCC
|    builtin and then its argument prototype would still apply.  */
| #ifdef __cplusplus
| extern "C"
| #endif
| char sqrt ();
| /* The GNU C library defines this for functions which it implements
|     to always fail with ENOSYS.  Some functions are actually named
|     something starting with __ and the normal name is an alias.  */
| #if defined __stub_sqrt || defined __stub___sqrt
| choke me
| #endif
| 
| int
| main ()
| {
| return sqrt ();
|   ;
|   return 0;
| }
configure:18621: result: no
configure:18621: checking for strdup
configure:18621: gcc -o conftest -g -O2   -L/home/cbochenek/.local/lib conftest.c   >&5
conftest.c:87:6: warning: conflicting types for built-in function 'strdup'
 char strdup ();
      ^
configure:18621: $? = 0
configure:18621: result: yes
configure:18621: checking for strerror
configure:18621: gcc -o conftest -g -O2   -L/home/cbochenek/.local/lib conftest.c   >&5
configure:18621: $? = 0
configure:18621: result: yes
configure:18786: creating ./config.status

## ---------------------- ##
## Running config.status. ##
## ---------------------- ##

This file was extended by HEIMDALL config.status 0.1, which was
generated by GNU Autoconf 2.69.  Invocation command line was

  CONFIG_FILES    = 
  CONFIG_HEADERS  = 
  CONFIG_LINKS    = 
  CONFIG_COMMANDS = 
  $ ./config.status 

on major

config.status:1212: creating Applications/Makefile
config.status:1212: creating Formats/Makefile
config.status:1212: creating Makefile
config.status:1212: creating Network/Makefile
config.status:1212: creating Pipeline/Makefile
config.status:1212: creating Share/Makefile
config.status:1212: creating Scripts/Makefile
config.status:1212: creating Scripts/trans_paths.py
config.status:1212: creating config.h
config.status:1434: executing depfiles commands
config.status:1434: executing libtool commands

## ---------------- ##
## Cache variables. ##
## ---------------- ##

ac_cv_build=x86_64-unknown-linux-gnu
ac_cv_c_compiler_gnu=yes
ac_cv_c_const=yes
ac_cv_c_inline=inline
ac_cv_c_int64_t=yes
ac_cv_c_uint64_t=yes
ac_cv_cxx_compiler_gnu=yes
ac_cv_env_BOOST_ROOT_set=
ac_cv_env_BOOST_ROOT_value=
ac_cv_env_CCC_set=
ac_cv_env_CCC_value=
ac_cv_env_CC_set=
ac_cv_env_CC_value=
ac_cv_env_CFLAGS_set=
ac_cv_env_CFLAGS_value=
ac_cv_env_CPPFLAGS_set=
ac_cv_env_CPPFLAGS_value=
ac_cv_env_CPP_set=
ac_cv_env_CPP_value=
ac_cv_env_CXXCPP_set=
ac_cv_env_CXXCPP_value=
ac_cv_env_CXXFLAGS_set=
ac_cv_env_CXXFLAGS_value=
ac_cv_env_CXX_set=
ac_cv_env_CXX_value=
ac_cv_env_LDFLAGS_set=set
ac_cv_env_LDFLAGS_value=-L/home/cbochenek/.local/lib
ac_cv_env_LIBS_set=
ac_cv_env_LIBS_value=
ac_cv_env_LOGIN_ARCH_set=
ac_cv_env_LOGIN_ARCH_value=
ac_cv_env_LT_SYS_LIBRARY_PATH_set=
ac_cv_env_LT_SYS_LIBRARY_PATH_value=
ac_cv_env_PSRHOME_set=
ac_cv_env_PSRHOME_value=
ac_cv_env_build_alias_set=
ac_cv_env_build_alias_value=
ac_cv_env_host_alias_set=
ac_cv_env_host_alias_value=
ac_cv_env_target_alias_set=
ac_cv_env_target_alias_value=
ac_cv_func__doprnt=no
ac_cv_func_alarm=yes
ac_cv_func_fork=yes
ac_cv_func_fork_works=yes
ac_cv_func_gettimeofday=yes
ac_cv_func_lstat_dereferences_slashed_symlink=yes
ac_cv_func_malloc_0_nonnull=yes
ac_cv_func_memcmp_working=yes
ac_cv_func_memset=yes
ac_cv_func_pow=no
ac_cv_func_realloc_0_nonnull=yes
ac_cv_func_select_args='int,fd_set *,struct timeval *'
ac_cv_func_setvbuf_reversed=no
ac_cv_func_socket=yes
ac_cv_func_sqrt=no
ac_cv_func_stat_empty_string_bug=no
ac_cv_func_strdup=yes
ac_cv_func_strerror=yes
ac_cv_func_strftime=yes
ac_cv_func_vfork=yes
ac_cv_func_vfork_works=yes
ac_cv_func_vprintf=yes
ac_cv_func_working_mktime=yes
ac_cv_header_arpa_inet_h=yes
ac_cv_header_dlfcn_h=yes
ac_cv_header_fcntl_h=yes
ac_cv_header_inttypes_h=yes
ac_cv_header_memory_h=yes
ac_cv_header_netdb_h=yes
ac_cv_header_netinet_in_h=yes
ac_cv_header_stdbool_h=yes
ac_cv_header_stdc=yes
ac_cv_header_stdint_h=yes
ac_cv_header_stdlib_h=yes
ac_cv_header_string_h=yes
ac_cv_header_strings_h=yes
ac_cv_header_sys_select_h=yes
ac_cv_header_sys_socket_h=yes
ac_cv_header_sys_stat_h=yes
ac_cv_header_sys_time_h=yes
ac_cv_header_sys_types_h=yes
ac_cv_header_time=yes
ac_cv_header_unistd_h=yes
ac_cv_header_vfork_h=no
ac_cv_host=x86_64-unknown-linux-gnu
ac_cv_lib_error_at_line=yes
ac_cv_objext=o
ac_cv_path_EGREP='/bin/grep -E'
ac_cv_path_FGREP='/bin/grep -F'
ac_cv_path_GREP=/bin/grep
ac_cv_path_SED=/bin/sed
ac_cv_path_cuda_nvcc=/usr/local/cuda/bin/nvcc
ac_cv_path_install='/usr/bin/install -c'
ac_cv_path_lt_DD=/bin/dd
ac_cv_prog_AWK=gawk
ac_cv_prog_CPP='gcc -E'
ac_cv_prog_CXXCPP='g++ -E'
ac_cv_prog_ac_ct_AR=ar
ac_cv_prog_ac_ct_CC=gcc
ac_cv_prog_ac_ct_CXX=g++
ac_cv_prog_ac_ct_MANIFEST_TOOL=mt
ac_cv_prog_ac_ct_OBJDUMP=objdump
ac_cv_prog_ac_ct_RANLIB=ranlib
ac_cv_prog_ac_ct_STRIP=strip
ac_cv_prog_cc_c89=
ac_cv_prog_cc_g=yes
ac_cv_prog_cc_gcc_c_o=yes
ac_cv_prog_cxx_g=yes
ac_cv_prog_make_make_set=yes
ac_cv_struct_tm=time.h
ac_cv_type__Bool=yes
ac_cv_type_pid_t=yes
ac_cv_type_signal=void
ac_cv_type_size_t=yes
am_cv_CC_dependencies_compiler_type=gcc3
am_cv_CXX_dependencies_compiler_type=gcc3
boost_cv_inc_path=yes
boost_cv_lib_version=1_58
lt_cv_ar_at_file=@
lt_cv_deplibs_check_method=pass_all
lt_cv_file_magic_cmd='$MAGIC_CMD'
lt_cv_file_magic_test_file=
lt_cv_ld_reload_flag=-r
lt_cv_nm_interface='BSD nm'
lt_cv_objdir=.libs
lt_cv_path_LD=/usr/bin/ld
lt_cv_path_LDCXX='/usr/bin/ld -m elf_x86_64'
lt_cv_path_NM='/usr/bin/nm -B'
lt_cv_path_mainfest_tool=no
lt_cv_prog_compiler_c_o=yes
lt_cv_prog_compiler_c_o_CXX=yes
lt_cv_prog_compiler_pic='-fPIC -DPIC'
lt_cv_prog_compiler_pic_CXX='-fPIC -DPIC'
lt_cv_prog_compiler_pic_works=yes
lt_cv_prog_compiler_pic_works_CXX=yes
lt_cv_prog_compiler_rtti_exceptions=no
lt_cv_prog_compiler_static_works=yes
lt_cv_prog_compiler_static_works_CXX=yes
lt_cv_prog_gnu_ld=yes
lt_cv_prog_gnu_ldcxx=yes
lt_cv_sharedlib_from_linklib_cmd='printf %s\n'
lt_cv_shlibpath_overrides_runpath=no
lt_cv_sys_global_symbol_pipe='sed -n -e '\''s/^.*[	 ]\([ABCDGIRSTW][ABCDGIRSTW]*\)[	 ][	 ]*\([_A-Za-z][_A-Za-z0-9]*\)$/\1 \2 \2/p'\'' | sed '\''/ __gnu_lto/d'\'''
lt_cv_sys_global_symbol_to_c_name_address='sed -n -e '\''s/^: \(.*\) .*$/  {"\1", (void *) 0},/p'\'' -e '\''s/^[ABCDGIRSTW][ABCDGIRSTW]* .* \(.*\)$/  {"\1", (void *) \&\1},/p'\'''
lt_cv_sys_global_symbol_to_c_name_address_lib_prefix='sed -n -e '\''s/^: \(.*\) .*$/  {"\1", (void *) 0},/p'\'' -e '\''s/^[ABCDGIRSTW][ABCDGIRSTW]* .* \(lib.*\)$/  {"\1", (void *) \&\1},/p'\'' -e '\''s/^[ABCDGIRSTW][ABCDGIRSTW]* .* \(.*\)$/  {"lib\1", (void *) \&\1},/p'\'''
lt_cv_sys_global_symbol_to_cdecl='sed -n -e '\''s/^T .* \(.*\)$/extern int \1();/p'\'' -e '\''s/^[ABCDGIRSTW][ABCDGIRSTW]* .* \(.*\)$/extern char \1;/p'\'''
lt_cv_sys_global_symbol_to_import=
lt_cv_sys_max_cmd_len=1572864
lt_cv_to_host_file_cmd=func_convert_file_noop
lt_cv_to_tool_file_cmd=func_convert_file_noop
lt_cv_truncate_bin='/bin/dd bs=4096 count=1'

## ----------------- ##
## Output variables. ##
## ----------------- ##

ACLOCAL='${SHELL} /home/cbochenek/DSA-10/dsaX_dsa5/heimdallr/missing --run aclocal-1.9'
AMDEPBACKSLASH='\'
AMDEP_FALSE='#'
AMDEP_TRUE=''
AMTAR='${SHELL} /home/cbochenek/DSA-10/dsaX_dsa5/heimdallr/missing --run tar'
AR='ar'
ARCH='AMD64'
AUTOCONF='${SHELL} /home/cbochenek/DSA-10/dsaX_dsa5/heimdallr/missing --run autoconf'
AUTOHEADER='${SHELL} /home/cbochenek/DSA-10/dsaX_dsa5/heimdallr/missing --run autoheader'
AUTOMAKE='${SHELL} /home/cbochenek/DSA-10/dsaX_dsa5/heimdallr/missing --run automake-1.9'
AWK='gawk'
BOOST_CPPFLAGS=''
BOOST_ROOT=''
CC='gcc'
CCDEPMODE='depmode=gcc3'
CFLAGS='-g -O2 '
CPP='gcc -E'
CPPFLAGS=''
CUDA_CFLAGS=''
CUDA_LIBS='-L/usr/local/cuda-10.0/lib64 -lcudart'
CUDA_NVCC='/usr/local/cuda/bin/nvcc $(CUDA_NVCC_FLAGS) -Xcompiler "$(DEFAULT_INCLUDES) $(INCLUDES) $(AM_CPPFLAGS) $(CPPFLAGS)"'
CXX='g++'
CXXCPP='g++ -E'
CXXDEPMODE='depmode=gcc3'
CXXFLAGS='-g -O2  '
CYGPATH_W='echo'
DEDISP_CFLAGS=''
DEDISP_LIBS='-L/home/cbochenek/.local/lib -ldedisp -lstdc++'
DEFS='-DHAVE_CONFIG_H'
DEPDIR='.deps'
DISTCHECK_CONFIGURE_FLAGS=' '\''--with-boost='\'''
DLLTOOL='false'
DSYMUTIL=''
DUMPBIN=''
ECHO_C=''
ECHO_N='-n'
ECHO_T=''
EGREP='/bin/grep -E'
EXEEXT=''
FGREP='/bin/grep -F'
GREP='/bin/grep'
HAVE_CUDA_FALSE='#'
HAVE_CUDA_TRUE=''
HAVE_DEDISP_FALSE='#'
HAVE_DEDISP_TRUE=''
HAVE_PSRDADA_FALSE=''
HAVE_PSRDADA_TRUE='#'
HAVE_THRUST_FALSE='#'
HAVE_THRUST_TRUE=''
HEIMDALL_INSTALL='/usr/local'
INSTALL_DATA='${INSTALL} -m 644'
INSTALL_PROGRAM='${INSTALL}'
INSTALL_SCRIPT='${INSTALL}'
INSTALL_STRIP_PROGRAM='${SHELL} $(install_sh) -c -s'
LD='/usr/bin/ld -m elf_x86_64'
LDFLAGS='-L/home/cbochenek/.local/lib'
LIBOBJS=''
LIBS=' '
LIBTOOL='$(SHELL) $(top_builddir)/libtool'
LIPO=''
LN_S='ln -s'
LOGIN_ARCH=''
LTLIBOBJS=''
LT_SYS_LIBRARY_PATH=''
MAKEINFO='${SHELL} /home/cbochenek/DSA-10/dsaX_dsa5/heimdallr/missing --run makeinfo'
MANIFEST_TOOL=':'
NM='/usr/bin/nm -B'
NMEDIT=''
OBJDUMP='objdump'
OBJEXT='o'
OTOOL64=''
OTOOL=''
PACKAGE='heimdall'
PACKAGE_BUGREPORT='ajameson@swin.edu.au'
PACKAGE_NAME='HEIMDALL'
PACKAGE_STRING='HEIMDALL 0.1'
PACKAGE_TARNAME='heimdall'
PACKAGE_URL=''
PACKAGE_VERSION='0.1'
PATH_SEPARATOR=':'
PSRDADA_CFLAGS=''
PSRDADA_LIBS=''
PSRHOME=''
RANLIB='ranlib'
SED='/bin/sed'
SET_MAKE=''
SHELL='/bin/bash'
STRIP='strip'
THRUST_CFLAGS=''
THRUST_LIBS=''
VERSION='0.1'
ac_ct_AR='ar'
ac_ct_CC='gcc'
ac_ct_CXX='g++'
ac_ct_DUMPBIN=''
am__fastdepCC_FALSE='#'
am__fastdepCC_TRUE=''
am__fastdepCXX_FALSE='#'
am__fastdepCXX_TRUE=''
am__include='include'
am__leading_dot='.'
am__quote=''
am__tar='${AMTAR} chof - "$$tardir"'
am__untar='${AMTAR} xf -'
bindir='${exec_prefix}/bin'
build='x86_64-unknown-linux-gnu'
build_alias=''
build_cpu='x86_64'
build_os='linux-gnu'
build_vendor='unknown'
cuda_nvcc='/usr/local/cuda/bin/nvcc'
datadir='${datarootdir}'
datarootdir='${prefix}/share'
docdir='${datarootdir}/doc/${PACKAGE_TARNAME}'
dvidir='${docdir}'
exec_prefix='${prefix}'
host='x86_64-unknown-linux-gnu'
host_alias=''
host_cpu='x86_64'
host_os='linux-gnu'
host_vendor='unknown'
htmldir='${docdir}'
includedir='${prefix}/include'
infodir='${datarootdir}/info'
install_sh='/home/cbochenek/DSA-10/dsaX_dsa5/heimdallr/install-sh'
libdir='${exec_prefix}/lib'
libexecdir='${exec_prefix}/libexec'
localedir='${datarootdir}/locale'
localstatedir='${prefix}/var'
mandir='${datarootdir}/man'
mkdir_p='mkdir -p --'
oldincludedir='/usr/include'
pdfdir='${docdir}'
prefix='/usr/local'
program_transform_name='s,x,x,'
psdir='${docdir}'
runstatedir='${localstatedir}/run'
sbindir='${exec_prefix}/sbin'
sharedstatedir='${prefix}/com'
sysconfdir='${prefix}/etc'
target_alias=''

## ----------- ##
## confdefs.h. ##
## ----------- ##

/* confdefs.h */
#define PACKAGE_NAME "HEIMDALL"
#define PACKAGE_TARNAME "heimdall"
#define PACKAGE_VERSION "0.1"
#define PACKAGE_STRING "HEIMDALL 0.1"
#define PACKAGE_BUGREPORT "ajameson@swin.edu.au"
#define PACKAGE_URL ""
#define PACKAGE "heimdall"
#define VERSION "0.1"
#define STDC_HEADERS 1
#define HAVE_SYS_TYPES_H 1
#define HAVE_SYS_STAT_H 1
#define HAVE_STDLIB_H 1
#define HAVE_STRING_H 1
#define HAVE_MEMORY_H 1
#define HAVE_STRINGS_H 1
#define HAVE_INTTYPES_H 1
#define HAVE_STDINT_H 1
#define HAVE_UNISTD_H 1
#define HAVE_DLFCN_H 1
#define LT_OBJDIR ".libs/"
#define HAVE_DEDISP 1
#define HAVE_CUDA 1
#define HAVE_THRUST 1
#define HAVE_BOOST 1
#define STDC_HEADERS 1
#define HAVE_ARPA_INET_H 1
#define HAVE_FCNTL_H 1
#define HAVE_INTTYPES_H 1
#define HAVE_NETDB_H 1
#define HAVE_NETINET_IN_H 1
#define HAVE_STDLIB_H 1
#define HAVE_STRING_H 1
#define HAVE_SYS_SOCKET_H 1
#define HAVE_SYS_TIME_H 1
#define HAVE_UNISTD_H 1
#define HAVE__BOOL 1
#define HAVE_STDBOOL_H 1
#define TIME_WITH_SYS_TIME 1
#define HAVE_FORK 1
#define HAVE_VFORK 1
#define HAVE_WORKING_VFORK 1
#define HAVE_WORKING_FORK 1
#define HAVE_STDLIB_H 1
#define HAVE_MALLOC 1
#define HAVE_SYS_TIME_H 1
#define HAVE_UNISTD_H 1
#define HAVE_ALARM 1
#define HAVE_STDLIB_H 1
#define HAVE_REALLOC 1
#define HAVE_SYS_SELECT_H 1
#define HAVE_SYS_SOCKET_H 1
#define SELECT_TYPE_ARG1 int
#define SELECT_TYPE_ARG234 (fd_set *)
#define SELECT_TYPE_ARG5 (struct timeval *)
#define RETSIGTYPE void
#define LSTAT_FOLLOWS_SLASHED_SYMLINK 1
#define HAVE_STRFTIME 1
#define HAVE_VPRINTF 1
#define HAVE_GETTIMEOFDAY 1
#define HAVE_MEMSET 1
#define HAVE_SOCKET 1
#define HAVE_STRDUP 1
#define HAVE_STRERROR 1

configure: exit 0
